<?xml version="1.0" encoding="UTF-8"?>
<!-- Generated by org.testng.reporters.JUnitReportReporter -->
<testsuite hostname="MT-5CD122JQYN" failures="0" tests="1" name="webdrivermaven.LoginTest" time="2.962" errors="0" timestamp="2022-01-19T16:22:23 IST" skipped="0">
  <testcase classname="webdrivermaven.LoginTest" name="doLogin" time="2.962"/>
  <system-out/>
</testsuite> <!-- webdrivermaven.LoginTest -->
